<?xml version="1.0" encoding="UTF-8"?>
<!-- Generated by org.testng.reporters.JUnitXMLReporter -->
<testsuite hostname="Samis-MacBook-Pro.local" ignored="4" name="Regression" tests="1" failures="0" timestamp="07 Apr 2018 00:54:39 GMT" time="5.451" errors="0">
  <testcase name="countRadiosButtons" time="0.262" classname="sprint1.LetsCodeIt_practiceSite"/>
  <testcase name="dropdownlist" time="0.0" classname="sprint1.LetsCodeIt_practiceSite">
    <ignored/>
  </testcase> <!-- dropdownlist -->
  <testcase name="multipleWindowTest" time="0.0" classname="sprint1.LetsCodeIt_practiceSite">
    <ignored/>
  </testcase> <!-- multipleWindowTest -->
  <testcase name="switchToIframe" time="0.0" classname="sprint1.LetsCodeIt_practiceSite">
    <ignored/>
  </testcase> <!-- switchToIframe -->
  <testcase name="getAllLinks" time="0.0" classname="sprint1.LetsCodeIt_practiceSite">
    <ignored/>
  </testcase> <!-- getAllLinks -->
</testsuite> <!-- Regression -->
