<?xml version="1.0" encoding="UTF-8"?>
<!-- Generated by org.testng.reporters.JUnitXMLReporter -->
<testsuite hostname="Samis-MacBook-Pro.local" ignored="4" tests="0" failures="0" timestamp="11 Feb 2018 06:20:03 GMT" time="0.006" errors="0">
  <testcase name="TC003" time="0.0" classname="sprint1.Grouping">
    <ignored/>
  </testcase> <!-- TC003 -->
  <testcase name="TC002" time="0.0" classname="sprint1.Grouping">
    <ignored/>
  </testcase> <!-- TC002 -->
  <testcase name="TC001" time="0.0" classname="sprint1.Grouping">
    <ignored/>
  </testcase> <!-- TC001 -->
  <testcase name="TC004" time="0.0" classname="sprint1.Grouping">
    <ignored/>
  </testcase> <!-- TC004 -->
</testsuite>
