<?xml version="1.0" encoding="UTF-8"?>
<!-- Generated by org.testng.reporters.JUnitXMLReporter -->
<testsuite hostname="Samis-MacBook-Pro.local" ignored="4" name="Sanity Tests" tests="2" failures="1" timestamp="03 Feb 2018 18:05:42 GMT" time="0.031" errors="0">
  <testcase name="sanityTests1" time="0.009" classname="sprint1.USER_STORY_001">
    <failure type="java.lang.NullPointerException">
      <![CDATA[java.lang.NullPointerException
	at sprint1.USER_STORY_001.sanityTests1(USER_STORY_001.java:56)
... Removed 25 stack frames]]>
    </failure>
  </testcase> <!-- sanityTests1 -->
  <testcase name="sanityTests2" time="0.002" classname="sprint1.USER_STORY_001"/>
  <testcase name="TC003" time="0.0" classname="sprint1.USER_STORY_001">
    <ignored/>
  </testcase> <!-- TC003 -->
  <testcase name="TC001" time="0.0" classname="sprint1.USER_STORY_001">
    <ignored/>
  </testcase> <!-- TC001 -->
  <testcase name="TC002" time="0.0" classname="sprint1.USER_STORY_001">
    <ignored/>
  </testcase> <!-- TC002 -->
  <testcase name="TC004" time="0.0" classname="sprint1.USER_STORY_001">
    <ignored/>
  </testcase> <!-- TC004 -->
</testsuite> <!-- Sanity Tests -->
