<?xml version="1.0" encoding="UTF-8"?>
<testng-results skipped="0" failed="0" ignored="4" total="5" passed="1">
  <reporter-output>
  </reporter-output>
  <suite name="Grid Test" duration-ms="5451" started-at="2018-04-07T00:54:28Z" finished-at="2018-04-07T00:54:34Z">
    <groups>
      <group name="P1">
        <method signature="LetsCodeIt_practiceSite.countRadiosButtons()[pri:0, instance:sprint1.LetsCodeIt_practiceSite@5a1c0542]" name="countRadiosButtons" class="sprint1.LetsCodeIt_practiceSite"/>
      </group> <!-- P1 -->
    </groups>
    <test name="Regression" duration-ms="5451" started-at="2018-04-07T00:54:28Z" finished-at="2018-04-07T00:54:34Z">
      <class name="sprint1.LetsCodeIt_practiceSite">
        <test-method status="PASS" signature="setUp(boolean, java.lang.String, boolean, java.lang.String, java.lang.String, java.lang.String, java.lang.String, java.lang.String, java.lang.String)[pri:0, instance:sprint1.LetsCodeIt_practiceSite@5a1c0542]" name="setUp" is-config="true" duration-ms="5061" started-at="2018-04-06T20:54:28Z" finished-at="2018-04-06T20:54:33Z">
          <params>
            <param index="0">
              <value>
                <![CDATA[false]]>
              </value>
            </param>
            <param index="1">
              <value>
                <![CDATA[browserstack]]>
              </value>
            </param>
            <param index="2">
              <value>
                <![CDATA[false]]>
              </value>
            </param>
            <param index="3">
              <value>
                <![CDATA[mac]]>
              </value>
            </param>
            <param index="4">
              <value>
                <![CDATA[Mac]]>
              </value>
            </param>
            <param index="5">
              <value>
                <![CDATA[Sierra]]>
              </value>
            </param>
            <param index="6">
              <value>
                <![CDATA[chrome]]>
              </value>
            </param>
            <param index="7">
              <value>
                <![CDATA[65.0]]>
              </value>
            </param>
            <param index="8">
              <value>
                <![CDATA[https://letskodeit.teachable.com/p/practice]]>
              </value>
            </param>
          </params>
          <reporter-output>
          </reporter-output>
        </test-method> <!-- setUp -->
        <test-method status="PASS" signature="countRadiosButtons()[pri:0, instance:sprint1.LetsCodeIt_practiceSite@5a1c0542]" name="countRadiosButtons" duration-ms="262" started-at="2018-04-06T20:54:33Z" finished-at="2018-04-06T20:54:34Z">
          <reporter-output>
          </reporter-output>
        </test-method> <!-- countRadiosButtons -->
        <test-method status="PASS" signature="cleanUp()[pri:0, instance:sprint1.LetsCodeIt_practiceSite@5a1c0542]" name="cleanUp" is-config="true" duration-ms="78" started-at="2018-04-06T20:54:34Z" finished-at="2018-04-06T20:54:34Z">
          <reporter-output>
          </reporter-output>
        </test-method> <!-- cleanUp -->
      </class> <!-- sprint1.LetsCodeIt_practiceSite -->
    </test> <!-- Regression -->
  </suite> <!-- Grid Test -->
</testng-results>
